

Microchip MPLAB XC8 Assembler V2.40 build 20220703182018 
                                                                                               Sat Nov 12 16:31:16 2022

Microchip MPLAB XC8 C Compiler v2.40 (Free license) build 20220703182018 Og1 
     1                           	processor	16F887
     2                           	pagewidth 120
     3                           	opt	flic
     4                           	psect	idataCOMMON,global,class=CODE,delta=2,noexec
     5                           	psect	strings,global,class=STRING,delta=2,noexec
     6                           	psect	cinit,global,class=CODE,merge=1,delta=2
     7                           	psect	bssCOMMON,global,class=COMMON,space=1,delta=1,noexec
     8                           	psect	dataCOMMON,global,class=COMMON,space=1,delta=1,noexec
     9                           	psect	bssBANK0,global,class=BANK0,space=1,delta=1,noexec
    10                           	psect	clrtext,global,class=CODE,delta=2
    11                           	psect	cstackCOMMON,global,class=COMMON,space=1,delta=1,noexec
    12                           	psect	maintext,global,class=CODE,split=1,delta=2
    13                           	psect	text1,local,class=CODE,merge=1,delta=2
    14                           	psect	config,global,abs,ovrld,class=CONFIG,space=4,delta=2,noexec
    15                           	dabs	1,0x7E,2
    16     0000                     
    17                           ; Version 2.40
    18                           ; Generated 17/11/2021 GMT
    19                           ; 
    20                           ; Copyright © 2021, Microchip Technology Inc. and its subsidiaries ("Microchip")
    21                           ; All rights reserved.
    22                           ; 
    23                           ; This software is developed by Microchip Technology Inc. and its subsidiaries ("Microch
      +                          ip").
    24                           ; 
    25                           ; Redistribution and use in source and binary forms, with or without modification, are
    26                           ; permitted provided that the following conditions are met:
    27                           ; 
    28                           ;     1. Redistributions of source code must retain the above copyright notice, this lis
      +                          t of
    29                           ;        conditions and the following disclaimer.
    30                           ; 
    31                           ;     2. Redistributions in binary form must reproduce the above copyright notice, this 
      +                          list
    32                           ;        of conditions and the following disclaimer in the documentation and/or other
    33                           ;        materials provided with the distribution. Publication is not required when
    34                           ;        this file is used in an embedded application.
    35                           ; 
    36                           ;     3. Microchip's name may not be used to endorse or promote products derived from th
      +                          is
    37                           ;        software without specific prior written permission.
    38                           ; 
    39                           ; THIS SOFTWARE IS PROVIDED BY MICROCHIP "AS IS" AND ANY EXPRESS OR IMPLIED WARRANTIES,
    40                           ; INCLUDING, BUT NOT LIMITED TO, THE IMPLIED WARRANTIES OF MERCHANTABILITY AND FITNESS F
      +                          OR
    41                           ; PURPOSE ARE DISCLAIMED.  IN NO EVENT SHALL MICROCHIP BE LIABLE FOR ANY DIRECT, INDIREC
      +                          T,
    42                           ; INCIDENTAL, SPECIAL, EXEMPLARY, OR CONSEQUENTIAL DAMAGES (INCLUDING BUT NOT LIMITED TO
    43                           ; PROCUREMENT OF SUBSTITUTE GOODS OR SERVICES; LOSS OF USE, DATA OR PROFITS; OR BUSINESS
    44                           ; INTERRUPTION) HOWSOEVER CAUSED AND ON ANY THEORY OF LIABILITY, WHETHER IN CONTRACT, ST
      +                          RICT
    45                           ; LIABILITY, OR TORT (INCLUDING NEGLIGENCE OR OTHERWISE) ARISING IN ANY WAY OUT OF THE U
      +                          SE OF
    46                           ; THIS SOFTWARE, EVEN IF ADVISED OF THE POSSIBILITY OF SUCH DAMAGE.
    47                           ; 
    48                           ; 
    49                           ; Code-generator required, PIC16F887 Definitions
    50                           ; 
    51                           ; SFR Addresses
    52     0000                     	;# 
    53     0001                     	;# 
    54     0002                     	;# 
    55     0003                     	;# 
    56     0004                     	;# 
    57     0005                     	;# 
    58     0006                     	;# 
    59     0007                     	;# 
    60     0008                     	;# 
    61     0009                     	;# 
    62     000A                     	;# 
    63     000B                     	;# 
    64     000C                     	;# 
    65     000D                     	;# 
    66     000E                     	;# 
    67     000E                     	;# 
    68     000F                     	;# 
    69     0010                     	;# 
    70     0011                     	;# 
    71     0012                     	;# 
    72     0013                     	;# 
    73     0014                     	;# 
    74     0015                     	;# 
    75     0015                     	;# 
    76     0016                     	;# 
    77     0017                     	;# 
    78     0018                     	;# 
    79     0019                     	;# 
    80     001A                     	;# 
    81     001B                     	;# 
    82     001B                     	;# 
    83     001C                     	;# 
    84     001D                     	;# 
    85     001E                     	;# 
    86     001F                     	;# 
    87     0081                     	;# 
    88     0085                     	;# 
    89     0086                     	;# 
    90     0087                     	;# 
    91     0088                     	;# 
    92     0089                     	;# 
    93     008C                     	;# 
    94     008D                     	;# 
    95     008E                     	;# 
    96     008F                     	;# 
    97     0090                     	;# 
    98     0091                     	;# 
    99     0092                     	;# 
   100     0093                     	;# 
   101     0093                     	;# 
   102     0093                     	;# 
   103     0094                     	;# 
   104     0095                     	;# 
   105     0096                     	;# 
   106     0097                     	;# 
   107     0098                     	;# 
   108     0099                     	;# 
   109     009A                     	;# 
   110     009B                     	;# 
   111     009C                     	;# 
   112     009D                     	;# 
   113     009E                     	;# 
   114     009F                     	;# 
   115     0105                     	;# 
   116     0107                     	;# 
   117     0108                     	;# 
   118     0109                     	;# 
   119     010C                     	;# 
   120     010C                     	;# 
   121     010D                     	;# 
   122     010E                     	;# 
   123     010F                     	;# 
   124     0185                     	;# 
   125     0187                     	;# 
   126     0188                     	;# 
   127     0189                     	;# 
   128     018C                     	;# 
   129     018D                     	;# 
   130     0000                     	;# 
   131     0001                     	;# 
   132     0002                     	;# 
   133     0003                     	;# 
   134     0004                     	;# 
   135     0005                     	;# 
   136     0006                     	;# 
   137     0007                     	;# 
   138     0008                     	;# 
   139     0009                     	;# 
   140     000A                     	;# 
   141     000B                     	;# 
   142     000C                     	;# 
   143     000D                     	;# 
   144     000E                     	;# 
   145     000E                     	;# 
   146     000F                     	;# 
   147     0010                     	;# 
   148     0011                     	;# 
   149     0012                     	;# 
   150     0013                     	;# 
   151     0014                     	;# 
   152     0015                     	;# 
   153     0015                     	;# 
   154     0016                     	;# 
   155     0017                     	;# 
   156     0018                     	;# 
   157     0019                     	;# 
   158     001A                     	;# 
   159     001B                     	;# 
   160     001B                     	;# 
   161     001C                     	;# 
   162     001D                     	;# 
   163     001E                     	;# 
   164     001F                     	;# 
   165     0081                     	;# 
   166     0085                     	;# 
   167     0086                     	;# 
   168     0087                     	;# 
   169     0088                     	;# 
   170     0089                     	;# 
   171     008C                     	;# 
   172     008D                     	;# 
   173     008E                     	;# 
   174     008F                     	;# 
   175     0090                     	;# 
   176     0091                     	;# 
   177     0092                     	;# 
   178     0093                     	;# 
   179     0093                     	;# 
   180     0093                     	;# 
   181     0094                     	;# 
   182     0095                     	;# 
   183     0096                     	;# 
   184     0097                     	;# 
   185     0098                     	;# 
   186     0099                     	;# 
   187     009A                     	;# 
   188     009B                     	;# 
   189     009C                     	;# 
   190     009D                     	;# 
   191     009E                     	;# 
   192     009F                     	;# 
   193     0105                     	;# 
   194     0107                     	;# 
   195     0108                     	;# 
   196     0109                     	;# 
   197     010C                     	;# 
   198     010C                     	;# 
   199     010D                     	;# 
   200     010E                     	;# 
   201     010F                     	;# 
   202     0185                     	;# 
   203     0187                     	;# 
   204     0188                     	;# 
   205     0189                     	;# 
   206     018C                     	;# 
   207     018D                     	;# 
   208     0000                     	;# 
   209     0001                     	;# 
   210     0002                     	;# 
   211     0003                     	;# 
   212     0004                     	;# 
   213     0005                     	;# 
   214     0006                     	;# 
   215     0007                     	;# 
   216     0008                     	;# 
   217     0009                     	;# 
   218     000A                     	;# 
   219     000B                     	;# 
   220     000C                     	;# 
   221     000D                     	;# 
   222     000E                     	;# 
   223     000E                     	;# 
   224     000F                     	;# 
   225     0010                     	;# 
   226     0011                     	;# 
   227     0012                     	;# 
   228     0013                     	;# 
   229     0014                     	;# 
   230     0015                     	;# 
   231     0015                     	;# 
   232     0016                     	;# 
   233     0017                     	;# 
   234     0018                     	;# 
   235     0019                     	;# 
   236     001A                     	;# 
   237     001B                     	;# 
   238     001B                     	;# 
   239     001C                     	;# 
   240     001D                     	;# 
   241     001E                     	;# 
   242     001F                     	;# 
   243     0081                     	;# 
   244     0085                     	;# 
   245     0086                     	;# 
   246     0087                     	;# 
   247     0088                     	;# 
   248     0089                     	;# 
   249     008C                     	;# 
   250     008D                     	;# 
   251     008E                     	;# 
   252     008F                     	;# 
   253     0090                     	;# 
   254     0091                     	;# 
   255     0092                     	;# 
   256     0093                     	;# 
   257     0093                     	;# 
   258     0093                     	;# 
   259     0094                     	;# 
   260     0095                     	;# 
   261     0096                     	;# 
   262     0097                     	;# 
   263     0098                     	;# 
   264     0099                     	;# 
   265     009A                     	;# 
   266     009B                     	;# 
   267     009C                     	;# 
   268     009D                     	;# 
   269     009E                     	;# 
   270     009F                     	;# 
   271     0105                     	;# 
   272     0107                     	;# 
   273     0108                     	;# 
   274     0109                     	;# 
   275     010C                     	;# 
   276     010C                     	;# 
   277     010D                     	;# 
   278     010E                     	;# 
   279     010F                     	;# 
   280     0185                     	;# 
   281     0187                     	;# 
   282     0188                     	;# 
   283     0189                     	;# 
   284     018C                     	;# 
   285     018D                     	;# 
   286     0000                     	;# 
   287     0001                     	;# 
   288     0002                     	;# 
   289     0003                     	;# 
   290     0004                     	;# 
   291     0005                     	;# 
   292     0006                     	;# 
   293     0007                     	;# 
   294     0008                     	;# 
   295     0009                     	;# 
   296     000A                     	;# 
   297     000B                     	;# 
   298     000C                     	;# 
   299     000D                     	;# 
   300     000E                     	;# 
   301     000E                     	;# 
   302     000F                     	;# 
   303     0010                     	;# 
   304     0011                     	;# 
   305     0012                     	;# 
   306     0013                     	;# 
   307     0014                     	;# 
   308     0015                     	;# 
   309     0015                     	;# 
   310     0016                     	;# 
   311     0017                     	;# 
   312     0018                     	;# 
   313     0019                     	;# 
   314     001A                     	;# 
   315     001B                     	;# 
   316     001B                     	;# 
   317     001C                     	;# 
   318     001D                     	;# 
   319     001E                     	;# 
   320     001F                     	;# 
   321     0081                     	;# 
   322     0085                     	;# 
   323     0086                     	;# 
   324     0087                     	;# 
   325     0088                     	;# 
   326     0089                     	;# 
   327     008C                     	;# 
   328     008D                     	;# 
   329     008E                     	;# 
   330     008F                     	;# 
   331     0090                     	;# 
   332     0091                     	;# 
   333     0092                     	;# 
   334     0093                     	;# 
   335     0093                     	;# 
   336     0093                     	;# 
   337     0094                     	;# 
   338     0095                     	;# 
   339     0096                     	;# 
   340     0097                     	;# 
   341     0098                     	;# 
   342     0099                     	;# 
   343     009A                     	;# 
   344     009B                     	;# 
   345     009C                     	;# 
   346     009D                     	;# 
   347     009E                     	;# 
   348     009F                     	;# 
   349     0105                     	;# 
   350     0107                     	;# 
   351     0108                     	;# 
   352     0109                     	;# 
   353     010C                     	;# 
   354     010C                     	;# 
   355     010D                     	;# 
   356     010E                     	;# 
   357     010F                     	;# 
   358     0185                     	;# 
   359     0187                     	;# 
   360     0188                     	;# 
   361     0189                     	;# 
   362     018C                     	;# 
   363     018D                     	;# 
   364     0000                     	;# 
   365     0001                     	;# 
   366     0002                     	;# 
   367     0003                     	;# 
   368     0004                     	;# 
   369     0005                     	;# 
   370     0006                     	;# 
   371     0007                     	;# 
   372     0008                     	;# 
   373     0009                     	;# 
   374     000A                     	;# 
   375     000B                     	;# 
   376     000C                     	;# 
   377     000D                     	;# 
   378     000E                     	;# 
   379     000E                     	;# 
   380     000F                     	;# 
   381     0010                     	;# 
   382     0011                     	;# 
   383     0012                     	;# 
   384     0013                     	;# 
   385     0014                     	;# 
   386     0015                     	;# 
   387     0015                     	;# 
   388     0016                     	;# 
   389     0017                     	;# 
   390     0018                     	;# 
   391     0019                     	;# 
   392     001A                     	;# 
   393     001B                     	;# 
   394     001B                     	;# 
   395     001C                     	;# 
   396     001D                     	;# 
   397     001E                     	;# 
   398     001F                     	;# 
   399     0081                     	;# 
   400     0085                     	;# 
   401     0086                     	;# 
   402     0087                     	;# 
   403     0088                     	;# 
   404     0089                     	;# 
   405     008C                     	;# 
   406     008D                     	;# 
   407     008E                     	;# 
   408     008F                     	;# 
   409     0090                     	;# 
   410     0091                     	;# 
   411     0092                     	;# 
   412     0093                     	;# 
   413     0093                     	;# 
   414     0093                     	;# 
   415     0094                     	;# 
   416     0095                     	;# 
   417     0096                     	;# 
   418     0097                     	;# 
   419     0098                     	;# 
   420     0099                     	;# 
   421     009A                     	;# 
   422     009B                     	;# 
   423     009C                     	;# 
   424     009D                     	;# 
   425     009E                     	;# 
   426     009F                     	;# 
   427     0105                     	;# 
   428     0107                     	;# 
   429     0108                     	;# 
   430     0109                     	;# 
   431     010C                     	;# 
   432     010C                     	;# 
   433     010D                     	;# 
   434     010E                     	;# 
   435     010F                     	;# 
   436     0185                     	;# 
   437     0187                     	;# 
   438     0188                     	;# 
   439     0189                     	;# 
   440     018C                     	;# 
   441     018D                     	;# 
   442     0000                     	;# 
   443     0001                     	;# 
   444     0002                     	;# 
   445     0003                     	;# 
   446     0004                     	;# 
   447     0005                     	;# 
   448     0006                     	;# 
   449     0007                     	;# 
   450     0008                     	;# 
   451     0009                     	;# 
   452     000A                     	;# 
   453     000B                     	;# 
   454     000C                     	;# 
   455     000D                     	;# 
   456     000E                     	;# 
   457     000E                     	;# 
   458     000F                     	;# 
   459     0010                     	;# 
   460     0011                     	;# 
   461     0012                     	;# 
   462     0013                     	;# 
   463     0014                     	;# 
   464     0015                     	;# 
   465     0015                     	;# 
   466     0016                     	;# 
   467     0017                     	;# 
   468     0018                     	;# 
   469     0019                     	;# 
   470     001A                     	;# 
   471     001B                     	;# 
   472     001B                     	;# 
   473     001C                     	;# 
   474     001D                     	;# 
   475     001E                     	;# 
   476     001F                     	;# 
   477     0081                     	;# 
   478     0085                     	;# 
   479     0086                     	;# 
   480     0087                     	;# 
   481     0088                     	;# 
   482     0089                     	;# 
   483     008C                     	;# 
   484     008D                     	;# 
   485     008E                     	;# 
   486     008F                     	;# 
   487     0090                     	;# 
   488     0091                     	;# 
   489     0092                     	;# 
   490     0093                     	;# 
   491     0093                     	;# 
   492     0093                     	;# 
   493     0094                     	;# 
   494     0095                     	;# 
   495     0096                     	;# 
   496     0097                     	;# 
   497     0098                     	;# 
   498     0099                     	;# 
   499     009A                     	;# 
   500     009B                     	;# 
   501     009C                     	;# 
   502     009D                     	;# 
   503     009E                     	;# 
   504     009F                     	;# 
   505     0105                     	;# 
   506     0107                     	;# 
   507     0108                     	;# 
   508     0109                     	;# 
   509     010C                     	;# 
   510     010C                     	;# 
   511     010D                     	;# 
   512     010E                     	;# 
   513     010F                     	;# 
   514     0185                     	;# 
   515     0187                     	;# 
   516     0188                     	;# 
   517     0189                     	;# 
   518     018C                     	;# 
   519     018D                     	;# 
   520     0000                     	;# 
   521     0001                     	;# 
   522     0002                     	;# 
   523     0003                     	;# 
   524     0004                     	;# 
   525     0005                     	;# 
   526     0006                     	;# 
   527     0007                     	;# 
   528     0008                     	;# 
   529     0009                     	;# 
   530     000A                     	;# 
   531     000B                     	;# 
   532     000C                     	;# 
   533     000D                     	;# 
   534     000E                     	;# 
   535     000E                     	;# 
   536     000F                     	;# 
   537     0010                     	;# 
   538     0011                     	;# 
   539     0012                     	;# 
   540     0013                     	;# 
   541     0014                     	;# 
   542     0015                     	;# 
   543     0015                     	;# 
   544     0016                     	;# 
   545     0017                     	;# 
   546     0018                     	;# 
   547     0019                     	;# 
   548     001A                     	;# 
   549     001B                     	;# 
   550     001B                     	;# 
   551     001C                     	;# 
   552     001D                     	;# 
   553     001E                     	;# 
   554     001F                     	;# 
   555     0081                     	;# 
   556     0085                     	;# 
   557     0086                     	;# 
   558     0087                     	;# 
   559     0088                     	;# 
   560     0089                     	;# 
   561     008C                     	;# 
   562     008D                     	;# 
   563     008E                     	;# 
   564     008F                     	;# 
   565     0090                     	;# 
   566     0091                     	;# 
   567     0092                     	;# 
   568     0093                     	;# 
   569     0093                     	;# 
   570     0093                     	;# 
   571     0094                     	;# 
   572     0095                     	;# 
   573     0096                     	;# 
   574     0097                     	;# 
   575     0098                     	;# 
   576     0099                     	;# 
   577     009A                     	;# 
   578     009B                     	;# 
   579     009C                     	;# 
   580     009D                     	;# 
   581     009E                     	;# 
   582     009F                     	;# 
   583     0105                     	;# 
   584     0107                     	;# 
   585     0108                     	;# 
   586     0109                     	;# 
   587     010C                     	;# 
   588     010C                     	;# 
   589     010D                     	;# 
   590     010E                     	;# 
   591     010F                     	;# 
   592     0185                     	;# 
   593     0187                     	;# 
   594     0188                     	;# 
   595     0189                     	;# 
   596     018C                     	;# 
   597     018D                     	;# 
   598     0000                     	;# 
   599     0001                     	;# 
   600     0002                     	;# 
   601     0003                     	;# 
   602     0004                     	;# 
   603     0005                     	;# 
   604     0006                     	;# 
   605     0007                     	;# 
   606     0008                     	;# 
   607     0009                     	;# 
   608     000A                     	;# 
   609     000B                     	;# 
   610     000C                     	;# 
   611     000D                     	;# 
   612     000E                     	;# 
   613     000E                     	;# 
   614     000F                     	;# 
   615     0010                     	;# 
   616     0011                     	;# 
   617     0012                     	;# 
   618     0013                     	;# 
   619     0014                     	;# 
   620     0015                     	;# 
   621     0015                     	;# 
   622     0016                     	;# 
   623     0017                     	;# 
   624     0018                     	;# 
   625     0019                     	;# 
   626     001A                     	;# 
   627     001B                     	;# 
   628     001B                     	;# 
   629     001C                     	;# 
   630     001D                     	;# 
   631     001E                     	;# 
   632     001F                     	;# 
   633     0081                     	;# 
   634     0085                     	;# 
   635     0086                     	;# 
   636     0087                     	;# 
   637     0088                     	;# 
   638     0089                     	;# 
   639     008C                     	;# 
   640     008D                     	;# 
   641     008E                     	;# 
   642     008F                     	;# 
   643     0090                     	;# 
   644     0091                     	;# 
   645     0092                     	;# 
   646     0093                     	;# 
   647     0093                     	;# 
   648     0093                     	;# 
   649     0094                     	;# 
   650     0095                     	;# 
   651     0096                     	;# 
   652     0097                     	;# 
   653     0098                     	;# 
   654     0099                     	;# 
   655     009A                     	;# 
   656     009B                     	;# 
   657     009C                     	;# 
   658     009D                     	;# 
   659     009E                     	;# 
   660     009F                     	;# 
   661     0105                     	;# 
   662     0107                     	;# 
   663     0108                     	;# 
   664     0109                     	;# 
   665     010C                     	;# 
   666     010C                     	;# 
   667     010D                     	;# 
   668     010E                     	;# 
   669     010F                     	;# 
   670     0185                     	;# 
   671     0187                     	;# 
   672     0188                     	;# 
   673     0189                     	;# 
   674     018C                     	;# 
   675     018D                     	;# 
   676     0000                     	;# 
   677     0001                     	;# 
   678     0002                     	;# 
   679     0003                     	;# 
   680     0004                     	;# 
   681     0005                     	;# 
   682     0006                     	;# 
   683     0007                     	;# 
   684     0008                     	;# 
   685     0009                     	;# 
   686     000A                     	;# 
   687     000B                     	;# 
   688     000C                     	;# 
   689     000D                     	;# 
   690     000E                     	;# 
   691     000E                     	;# 
   692     000F                     	;# 
   693     0010                     	;# 
   694     0011                     	;# 
   695     0012                     	;# 
   696     0013                     	;# 
   697     0014                     	;# 
   698     0015                     	;# 
   699     0015                     	;# 
   700     0016                     	;# 
   701     0017                     	;# 
   702     0018                     	;# 
   703     0019                     	;# 
   704     001A                     	;# 
   705     001B                     	;# 
   706     001B                     	;# 
   707     001C                     	;# 
   708     001D                     	;# 
   709     001E                     	;# 
   710     001F                     	;# 
   711     0081                     	;# 
   712     0085                     	;# 
   713     0086                     	;# 
   714     0087                     	;# 
   715     0088                     	;# 
   716     0089                     	;# 
   717     008C                     	;# 
   718     008D                     	;# 
   719     008E                     	;# 
   720     008F                     	;# 
   721     0090                     	;# 
   722     0091                     	;# 
   723     0092                     	;# 
   724     0093                     	;# 
   725     0093                     	;# 
   726     0093                     	;# 
   727     0094                     	;# 
   728     0095                     	;# 
   729     0096                     	;# 
   730     0097                     	;# 
   731     0098                     	;# 
   732     0099                     	;# 
   733     009A                     	;# 
   734     009B                     	;# 
   735     009C                     	;# 
   736     009D                     	;# 
   737     009E                     	;# 
   738     009F                     	;# 
   739     0105                     	;# 
   740     0107                     	;# 
   741     0108                     	;# 
   742     0109                     	;# 
   743     010C                     	;# 
   744     010C                     	;# 
   745     010D                     	;# 
   746     010E                     	;# 
   747     010F                     	;# 
   748     0185                     	;# 
   749     0187                     	;# 
   750     0188                     	;# 
   751     0189                     	;# 
   752     018C                     	;# 
   753     018D                     	;# 
   754     0000                     	;# 
   755     0001                     	;# 
   756     0002                     	;# 
   757     0003                     	;# 
   758     0004                     	;# 
   759     0005                     	;# 
   760     0006                     	;# 
   761     0007                     	;# 
   762     0008                     	;# 
   763     0009                     	;# 
   764     000A                     	;# 
   765     000B                     	;# 
   766     000C                     	;# 
   767     000D                     	;# 
   768     000E                     	;# 
   769     000E                     	;# 
   770     000F                     	;# 
   771     0010                     	;# 
   772     0011                     	;# 
   773     0012                     	;# 
   774     0013                     	;# 
   775     0014                     	;# 
   776     0015                     	;# 
   777     0015                     	;# 
   778     0016                     	;# 
   779     0017                     	;# 
   780     0018                     	;# 
   781     0019                     	;# 
   782     001A                     	;# 
   783     001B                     	;# 
   784     001B                     	;# 
   785     001C                     	;# 
   786     001D                     	;# 
   787     001E                     	;# 
   788     001F                     	;# 
   789     0081                     	;# 
   790     0085                     	;# 
   791     0086                     	;# 
   792     0087                     	;# 
   793     0088                     	;# 
   794     0089                     	;# 
   795     008C                     	;# 
   796     008D                     	;# 
   797     008E                     	;# 
   798     008F                     	;# 
   799     0090                     	;# 
   800     0091                     	;# 
   801     0092                     	;# 
   802     0093                     	;# 
   803     0093                     	;# 
   804     0093                     	;# 
   805     0094                     	;# 
   806     0095                     	;# 
   807     0096                     	;# 
   808     0097                     	;# 
   809     0098                     	;# 
   810     0099                     	;# 
   811     009A                     	;# 
   812     009B                     	;# 
   813     009C                     	;# 
   814     009D                     	;# 
   815     009E                     	;# 
   816     009F                     	;# 
   817     0105                     	;# 
   818     0107                     	;# 
   819     0108                     	;# 
   820     0109                     	;# 
   821     010C                     	;# 
   822     010C                     	;# 
   823     010D                     	;# 
   824     010E                     	;# 
   825     010F                     	;# 
   826     0185                     	;# 
   827     0187                     	;# 
   828     0188                     	;# 
   829     0189                     	;# 
   830     018C                     	;# 
   831     018D                     	;# 
   832     0000                     	;# 
   833     0001                     	;# 
   834     0002                     	;# 
   835     0003                     	;# 
   836     0004                     	;# 
   837     0005                     	;# 
   838     0006                     	;# 
   839     0007                     	;# 
   840     0008                     	;# 
   841     0009                     	;# 
   842     000A                     	;# 
   843     000B                     	;# 
   844     000C                     	;# 
   845     000D                     	;# 
   846     000E                     	;# 
   847     000E                     	;# 
   848     000F                     	;# 
   849     0010                     	;# 
   850     0011                     	;# 
   851     0012                     	;# 
   852     0013                     	;# 
   853     0014                     	;# 
   854     0015                     	;# 
   855     0015                     	;# 
   856     0016                     	;# 
   857     0017                     	;# 
   858     0018                     	;# 
   859     0019                     	;# 
   860     001A                     	;# 
   861     001B                     	;# 
   862     001B                     	;# 
   863     001C                     	;# 
   864     001D                     	;# 
   865     001E                     	;# 
   866     001F                     	;# 
   867     0081                     	;# 
   868     0085                     	;# 
   869     0086                     	;# 
   870     0087                     	;# 
   871     0088                     	;# 
   872     0089                     	;# 
   873     008C                     	;# 
   874     008D                     	;# 
   875     008E                     	;# 
   876     008F                     	;# 
   877     0090                     	;# 
   878     0091                     	;# 
   879     0092                     	;# 
   880     0093                     	;# 
   881     0093                     	;# 
   882     0093                     	;# 
   883     0094                     	;# 
   884     0095                     	;# 
   885     0096                     	;# 
   886     0097                     	;# 
   887     0098                     	;# 
   888     0099                     	;# 
   889     009A                     	;# 
   890     009B                     	;# 
   891     009C                     	;# 
   892     009D                     	;# 
   893     009E                     	;# 
   894     009F                     	;# 
   895     0105                     	;# 
   896     0107                     	;# 
   897     0108                     	;# 
   898     0109                     	;# 
   899     010C                     	;# 
   900     010C                     	;# 
   901     010D                     	;# 
   902     010E                     	;# 
   903     010F                     	;# 
   904     0185                     	;# 
   905     0187                     	;# 
   906     0188                     	;# 
   907     0189                     	;# 
   908     018C                     	;# 
   909     018D                     	;# 
   910     0000                     	;# 
   911     0001                     	;# 
   912     0002                     	;# 
   913     0003                     	;# 
   914     0004                     	;# 
   915     0005                     	;# 
   916     0006                     	;# 
   917     0007                     	;# 
   918     0008                     	;# 
   919     0009                     	;# 
   920     000A                     	;# 
   921     000B                     	;# 
   922     000C                     	;# 
   923     000D                     	;# 
   924     000E                     	;# 
   925     000E                     	;# 
   926     000F                     	;# 
   927     0010                     	;# 
   928     0011                     	;# 
   929     0012                     	;# 
   930     0013                     	;# 
   931     0014                     	;# 
   932     0015                     	;# 
   933     0015                     	;# 
   934     0016                     	;# 
   935     0017                     	;# 
   936     0018                     	;# 
   937     0019                     	;# 
   938     001A                     	;# 
   939     001B                     	;# 
   940     001B                     	;# 
   941     001C                     	;# 
   942     001D                     	;# 
   943     001E                     	;# 
   944     001F                     	;# 
   945     0081                     	;# 
   946     0085                     	;# 
   947     0086                     	;# 
   948     0087                     	;# 
   949     0088                     	;# 
   950     0089                     	;# 
   951     008C                     	;# 
   952     008D                     	;# 
   953     008E                     	;# 
   954     008F                     	;# 
   955     0090                     	;# 
   956     0091                     	;# 
   957     0092                     	;# 
   958     0093                     	;# 
   959     0093                     	;# 
   960     0093                     	;# 
   961     0094                     	;# 
   962     0095                     	;# 
   963     0096                     	;# 
   964     0097                     	;# 
   965     0098                     	;# 
   966     0099                     	;# 
   967     009A                     	;# 
   968     009B                     	;# 
   969     009C                     	;# 
   970     009D                     	;# 
   971     009E                     	;# 
   972     009F                     	;# 
   973     0105                     	;# 
   974     0107                     	;# 
   975     0108                     	;# 
   976     0109                     	;# 
   977     010C                     	;# 
   978     010C                     	;# 
   979     010D                     	;# 
   980     010E                     	;# 
   981     010F                     	;# 
   982     0185                     	;# 
   983     0187                     	;# 
   984     0188                     	;# 
   985     0189                     	;# 
   986     018C                     	;# 
   987     018D                     	;# 
   988     0000                     	;# 
   989     0001                     	;# 
   990     0002                     	;# 
   991     0003                     	;# 
   992     0004                     	;# 
   993     0005                     	;# 
   994     0006                     	;# 
   995     0007                     	;# 
   996     0008                     	;# 
   997     0009                     	;# 
   998     000A                     	;# 
   999     000B                     	;# 
  1000     000C                     	;# 
  1001     000D                     	;# 
  1002     000E                     	;# 
  1003     000E                     	;# 
  1004     000F                     	;# 
  1005     0010                     	;# 
  1006     0011                     	;# 
  1007     0012                     	;# 
  1008     0013                     	;# 
  1009     0014                     	;# 
  1010     0015                     	;# 
  1011     0015                     	;# 
  1012     0016                     	;# 
  1013     0017                     	;# 
  1014     0018                     	;# 
  1015     0019                     	;# 
  1016     001A                     	;# 
  1017     001B                     	;# 
  1018     001B                     	;# 
  1019     001C                     	;# 
  1020     001D                     	;# 
  1021     001E                     	;# 
  1022     001F                     	;# 
  1023     0081                     	;# 
  1024     0085                     	;# 
  1025     0086                     	;# 
  1026     0087                     	;# 
  1027     0088                     	;# 
  1028     0089                     	;# 
  1029     008C                     	;# 
  1030     008D                     	;# 
  1031     008E                     	;# 
  1032     008F                     	;# 
  1033     0090                     	;# 
  1034     0091                     	;# 
  1035     0092                     	;# 
  1036     0093                     	;# 
  1037     0093                     	;# 
  1038     0093                     	;# 
  1039     0094                     	;# 
  1040     0095                     	;# 
  1041     0096                     	;# 
  1042     0097                     	;# 
  1043     0098                     	;# 
  1044     0099                     	;# 
  1045     009A                     	;# 
  1046     009B                     	;# 
  1047     009C                     	;# 
  1048     009D                     	;# 
  1049     009E                     	;# 
  1050     009F                     	;# 
  1051     0105                     	;# 
  1052     0107                     	;# 
  1053     0108                     	;# 
  1054     0109                     	;# 
  1055     010C                     	;# 
  1056     010C                     	;# 
  1057     010D                     	;# 
  1058     010E                     	;# 
  1059     010F                     	;# 
  1060     0185                     	;# 
  1061     0187                     	;# 
  1062     0188                     	;# 
  1063     0189                     	;# 
  1064     018C                     	;# 
  1065     018D                     	;# 
  1066     0000                     	;# 
  1067     0001                     	;# 
  1068     0002                     	;# 
  1069     0003                     	;# 
  1070     0004                     	;# 
  1071     0005                     	;# 
  1072     0006                     	;# 
  1073     0007                     	;# 
  1074     0008                     	;# 
  1075     0009                     	;# 
  1076     000A                     	;# 
  1077     000B                     	;# 
  1078     000C                     	;# 
  1079     000D                     	;# 
  1080     000E                     	;# 
  1081     000E                     	;# 
  1082     000F                     	;# 
  1083     0010                     	;# 
  1084     0011                     	;# 
  1085     0012                     	;# 
  1086     0013                     	;# 
  1087     0014                     	;# 
  1088     0015                     	;# 
  1089     0015                     	;# 
  1090     0016                     	;# 
  1091     0017                     	;# 
  1092     0018                     	;# 
  1093     0019                     	;# 
  1094     001A                     	;# 
  1095     001B                     	;# 
  1096     001B                     	;# 
  1097     001C                     	;# 
  1098     001D                     	;# 
  1099     001E                     	;# 
  1100     001F                     	;# 
  1101     0081                     	;# 
  1102     0085                     	;# 
  1103     0086                     	;# 
  1104     0087                     	;# 
  1105     0088                     	;# 
  1106     0089                     	;# 
  1107     008C                     	;# 
  1108     008D                     	;# 
  1109     008E                     	;# 
  1110     008F                     	;# 
  1111     0090                     	;# 
  1112     0091                     	;# 
  1113     0092                     	;# 
  1114     0093                     	;# 
  1115     0093                     	;# 
  1116     0093                     	;# 
  1117     0094                     	;# 
  1118     0095                     	;# 
  1119     0096                     	;# 
  1120     0097                     	;# 
  1121     0098                     	;# 
  1122     0099                     	;# 
  1123     009A                     	;# 
  1124     009B                     	;# 
  1125     009C                     	;# 
  1126     009D                     	;# 
  1127     009E                     	;# 
  1128     009F                     	;# 
  1129     0105                     	;# 
  1130     0107                     	;# 
  1131     0108                     	;# 
  1132     0109                     	;# 
  1133     010C                     	;# 
  1134     010C                     	;# 
  1135     010D                     	;# 
  1136     010E                     	;# 
  1137     010F                     	;# 
  1138     0185                     	;# 
  1139     0187                     	;# 
  1140     0188                     	;# 
  1141     0189                     	;# 
  1142     018C                     	;# 
  1143     018D                     	;# 
  1144     0000                     	;# 
  1145     0001                     	;# 
  1146     0002                     	;# 
  1147     0003                     	;# 
  1148     0004                     	;# 
  1149     0005                     	;# 
  1150     0006                     	;# 
  1151     0007                     	;# 
  1152     0008                     	;# 
  1153     0009                     	;# 
  1154     000A                     	;# 
  1155     000B                     	;# 
  1156     000C                     	;# 
  1157     000D                     	;# 
  1158     000E                     	;# 
  1159     000E                     	;# 
  1160     000F                     	;# 
  1161     0010                     	;# 
  1162     0011                     	;# 
  1163     0012                     	;# 
  1164     0013                     	;# 
  1165     0014                     	;# 
  1166     0015                     	;# 
  1167     0015                     	;# 
  1168     0016                     	;# 
  1169     0017                     	;# 
  1170     0018                     	;# 
  1171     0019                     	;# 
  1172     001A                     	;# 
  1173     001B                     	;# 
  1174     001B                     	;# 
  1175     001C                     	;# 
  1176     001D                     	;# 
  1177     001E                     	;# 
  1178     001F                     	;# 
  1179     0081                     	;# 
  1180     0085                     	;# 
  1181     0086                     	;# 
  1182     0087                     	;# 
  1183     0088                     	;# 
  1184     0089                     	;# 
  1185     008C                     	;# 
  1186     008D                     	;# 
  1187     008E                     	;# 
  1188     008F                     	;# 
  1189     0090                     	;# 
  1190     0091                     	;# 
  1191     0092                     	;# 
  1192     0093                     	;# 
  1193     0093                     	;# 
  1194     0093                     	;# 
  1195     0094                     	;# 
  1196     0095                     	;# 
  1197     0096                     	;# 
  1198     0097                     	;# 
  1199     0098                     	;# 
  1200     0099                     	;# 
  1201     009A                     	;# 
  1202     009B                     	;# 
  1203     009C                     	;# 
  1204     009D                     	;# 
  1205     009E                     	;# 
  1206     009F                     	;# 
  1207     0105                     	;# 
  1208     0107                     	;# 
  1209     0108                     	;# 
  1210     0109                     	;# 
  1211     010C                     	;# 
  1212     010C                     	;# 
  1213     010D                     	;# 
  1214     010E                     	;# 
  1215     010F                     	;# 
  1216     0185                     	;# 
  1217     0187                     	;# 
  1218     0188                     	;# 
  1219     0189                     	;# 
  1220     018C                     	;# 
  1221     018D                     	;# 
  1222     0000                     	;# 
  1223     0001                     	;# 
  1224     0002                     	;# 
  1225     0003                     	;# 
  1226     0004                     	;# 
  1227     0005                     	;# 
  1228     0006                     	;# 
  1229     0007                     	;# 
  1230     0008                     	;# 
  1231     0009                     	;# 
  1232     000A                     	;# 
  1233     000B                     	;# 
  1234     000C                     	;# 
  1235     000D                     	;# 
  1236     000E                     	;# 
  1237     000E                     	;# 
  1238     000F                     	;# 
  1239     0010                     	;# 
  1240     0011                     	;# 
  1241     0012                     	;# 
  1242     0013                     	;# 
  1243     0014                     	;# 
  1244     0015                     	;# 
  1245     0015                     	;# 
  1246     0016                     	;# 
  1247     0017                     	;# 
  1248     0018                     	;# 
  1249     0019                     	;# 
  1250     001A                     	;# 
  1251     001B                     	;# 
  1252     001B                     	;# 
  1253     001C                     	;# 
  1254     001D                     	;# 
  1255     001E                     	;# 
  1256     001F                     	;# 
  1257     0081                     	;# 
  1258     0085                     	;# 
  1259     0086                     	;# 
  1260     0087                     	;# 
  1261     0088                     	;# 
  1262     0089                     	;# 
  1263     008C                     	;# 
  1264     008D                     	;# 
  1265     008E                     	;# 
  1266     008F                     	;# 
  1267     0090                     	;# 
  1268     0091                     	;# 
  1269     0092                     	;# 
  1270     0093                     	;# 
  1271     0093                     	;# 
  1272     0093                     	;# 
  1273     0094                     	;# 
  1274     0095                     	;# 
  1275     0096                     	;# 
  1276     0097                     	;# 
  1277     0098                     	;# 
  1278     0099                     	;# 
  1279     009A                     	;# 
  1280     009B                     	;# 
  1281     009C                     	;# 
  1282     009D                     	;# 
  1283     009E                     	;# 
  1284     009F                     	;# 
  1285     0105                     	;# 
  1286     0107                     	;# 
  1287     0108                     	;# 
  1288     0109                     	;# 
  1289     010C                     	;# 
  1290     010C                     	;# 
  1291     010D                     	;# 
  1292     010E                     	;# 
  1293     010F                     	;# 
  1294     0185                     	;# 
  1295     0187                     	;# 
  1296     0188                     	;# 
  1297     0189                     	;# 
  1298     018C                     	;# 
  1299     018D                     	;# 
  1300                           
  1301                           	psect	idataCOMMON
  1302     07BE                     __pidataCOMMON:
  1303                           
  1304                           ;initializer for _Array_LCDLineNumAddress
  1305     07BE  3480               	retlw	128
  1306     07BF  34C0               	retlw	192
  1307     07C0  3490               	retlw	144
  1308     07C1  34D0               	retlw	208
  1309     0019                     _TXREG	set	25
  1310     001A                     _RCREG	set	26
  1311     0011                     _TMR2	set	17
  1312     0012                     _T2CONbits	set	18
  1313     000E                     _TMR1L	set	14
  1314     000F                     _TMR1H	set	15
  1315     000C                     _PIR1bits	set	12
  1316     0010                     _T1CONbits	set	16
  1317     0001                     _TMR0	set	1
  1318     000B                     _INTCONbits	set	11
  1319     001B                     _CCPR2L	set	27
  1320     0015                     _CCPR1L	set	21
  1321     0005                     _PORTAbits	set	5
  1322     001D                     _CCP2CON	set	29
  1323     0018                     _RCSTA	set	24
  1324     0017                     _CCP1CON	set	23
  1325     0012                     _T2CON	set	18
  1326     0010                     _T1CON	set	16
  1327     000D                     _PIR2	set	13
  1328     000C                     _PIR1	set	12
  1329     0009                     _PORTE	set	9
  1330     0008                     _PORTD	set	8
  1331     0007                     _PORTC	set	7
  1332     0006                     _PORTB	set	6
  1333     0005                     _PORTA	set	5
  1334     000B                     _INTCON	set	11
  1335     0013                     _SSPBUF	set	19
  1336     0014                     _SSPCON	set	20
  1337     001E                     _ADRESH	set	30
  1338     001F                     _ADCON0bits	set	31
  1339     001F                     _ADCON0	set	31
  1340     0092                     _TMR2ON	set	146
  1341     0068                     _CCP2IF	set	104
  1342     006A                     _ULPWUIF	set	106
  1343     006B                     _BCLIF	set	107
  1344     006C                     _EEIF	set	108
  1345     006D                     _C1IF	set	109
  1346     006E                     _C2IF	set	110
  1347     006F                     _OSFIF	set	111
  1348     0060                     _TMR1IF	set	96
  1349     0061                     _TMR2IF	set	97
  1350     005A                     _TMR0IF	set	90
  1351     0062                     _CCP1IF	set	98
  1352     0063                     _SSPIF	set	99
  1353     0064                     _TXIF	set	100
  1354     0065                     _RCIF	set	101
  1355     0066                     _ADIF	set	102
  1356     0058                     _RBIF	set	88
  1357     0059                     _INTF	set	89
  1358     005A                     _T0IF	set	90
  1359     005F                     _GIE	set	95
  1360     00F9                     _GO_DONE	set	249
  1361     00F9                     _GO	set	249
  1362     00F8                     _ADON	set	248
  1363     008C                     _PIE1bits	set	140
  1364     0081                     _OPTION_REGbits	set	129
  1365     0092                     _PR2	set	146
  1366     0085                     _TRISAbits	set	133
  1367     009F                     _ADCON1	set	159
  1368     009D                     _PSTRCON	set	157
  1369     009C                     _ECCPAS	set	156
  1370     009B                     _PWM1CON	set	155
  1371     009A                     _SPBRGH	set	154
  1372     0099                     _SPBRG	set	153
  1373     0098                     _TXSTA	set	152
  1374     0097                     _VRCON	set	151
  1375     0096                     _IOCB	set	150
  1376     0095                     _WPUB	set	149
  1377     0093                     _SSPMSK	set	147
  1378     0091                     _SSPCON2	set	145
  1379     0090                     _OSCTUNE	set	144
  1380     008F                     _OSCCON	set	143
  1381     008E                     _PCON	set	142
  1382     008D                     _PIE2	set	141
  1383     008C                     _PIE1	set	140
  1384     0089                     _TRISE	set	137
  1385     0088                     _TRISD	set	136
  1386     0087                     _TRISC	set	135
  1387     0086                     _TRISB	set	134
  1388     0085                     _TRISA	set	133
  1389     0081                     _OPTION_REG	set	129
  1390     0093                     _SSPADD	set	147
  1391     0094                     _SSPSTAT	set	148
  1392     009E                     _ADRESL	set	158
  1393     009F                     _ADCON1bits	set	159
  1394     048C                     _ACKEN	set	1164
  1395     048D                     _ACKDT	set	1165
  1396     04A2                     _R_W	set	1186
  1397     048B                     _RCEN	set	1163
  1398     04A0                     _BF	set	1184
  1399     048A                     _PEN	set	1162
  1400     0489                     _RSEN	set	1161
  1401     0488                     _SEN	set	1160
  1402     043C                     _TRISC4	set	1084
  1403     043B                     _TRISC3	set	1083
  1404     010F                     _EEADRH	set	271
  1405     010E                     _EEDATH	set	270
  1406     010C                     _EEDAT	set	268
  1407     0109                     _CM2CON1	set	265
  1408     0108                     _CM2CON0	set	264
  1409     0107                     _CM1CON0	set	263
  1410     0105                     _WDTCON	set	261
  1411     010C                     _EEDATA	set	268
  1412     010D                     _EEADR	set	269
  1413     0189                     _ANSELHbits	set	393
  1414     0188                     _ANSELbits	set	392
  1415     018D                     _EECON2	set	397
  1416     0C60                     _RD	set	3168
  1417     0C62                     _WREN	set	3170
  1418     0C61                     _WR	set	3169
  1419                           
  1420                           	psect	strings
  1421     0003                     __pstrings:
  1422     0003                     stringtab:
  1423     0003                     __stringtab:
  1424     0003                     stringcode:	
  1425                           ;	String table - string pointers are 1 byte each
  1426                           
  1427     0003                     stringdir:
  1428     0003  3000               	movlw	high stringdir
  1429     0004  008A               	movwf	10
  1430     0005  0804               	movf	4,w
  1431     0006  0A84               	incf	4,f
  1432     0007  0782               	addwf	2,f
  1433     0008                     __stringbase:
  1434     0008  3400               	retlw	0
  1435     0009                     __end_of__stringtab:
  1436     0009                     STR_1:
  1437     0009  3431               	retlw	49	;'1'
  1438     000A  3436               	retlw	54	;'6'
  1439     000B  3446               	retlw	70	;'F'
  1440     000C  3438               	retlw	56	;'8'
  1441     000D  3438               	retlw	56	;'8'
  1442     000E  3437               	retlw	55	;'7'
  1443     000F  3420               	retlw	32	;' '
  1444     0010  3426               	retlw	38	;'&'
  1445     0011  3420               	retlw	32	;' '
  1446     0012  3444               	retlw	68	;'D'
  1447     0013  3453               	retlw	83	;'S'
  1448     0014  3431               	retlw	49	;'1'
  1449     0015  3438               	retlw	56	;'8'
  1450     0016  3442               	retlw	66	;'B'
  1451     0017  3432               	retlw	50	;'2'
  1452     0018  3430               	retlw	48	;'0'
  1453     0019  340A               	retlw	10
  1454     001A  3454               	retlw	84	;'T'
  1455     001B  3465               	retlw	101	;'e'
  1456     001C  346D               	retlw	109	;'m'
  1457     001D  3470               	retlw	112	;'p'
  1458     001E  3465               	retlw	101	;'e'
  1459     001F  3472               	retlw	114	;'r'
  1460     0020  3461               	retlw	97	;'a'
  1461     0021  3474               	retlw	116	;'t'
  1462     0022  3475               	retlw	117	;'u'
  1463     0023  3472               	retlw	114	;'r'
  1464     0024  3465               	retlw	101	;'e'
  1465     0025  343A               	retlw	58	;':'
  1466     0026  3425               	retlw	37	;'%'
  1467     0027  3466               	retlw	102	;'f'
  1468     0028  3443               	retlw	67	;'C'
  1469     0029  340A               	retlw	10
  1470     002A  3400               	retlw	0
  1471                           
  1472                           	psect	cinit
  1473     07D7                     start_initialization:	
  1474                           ; #config settings
  1475                           
  1476     07D7                     __initialization:
  1477                           
  1478                           ; Initialize objects allocated to COMMON
  1479     07D7  120A  118A  27BE  120A  118A  	fcall	__pidataCOMMON	;fetch initializer
  1480     07DC  00F4               	movwf	__pdataCOMMON& (0+127)
  1481     07DD  120A  118A  27BF  120A  118A  	fcall	__pidataCOMMON+1	;fetch initializer
  1482     07E2  00F5               	movwf	(__pdataCOMMON+1)& (0+127)
  1483     07E3  120A  118A  27C0  120A  118A  	fcall	__pidataCOMMON+2	;fetch initializer
  1484     07E8  00F6               	movwf	(__pdataCOMMON+2)& (0+127)
  1485     07E9  120A  118A  27C1  120A  118A  	fcall	__pidataCOMMON+3	;fetch initializer
  1486     07EE  00F7               	movwf	(__pdataCOMMON+3)& (0+127)
  1487                           
  1488                           ; Clear objects allocated to BANK0
  1489     07EF  1383               	bcf	3,7	;select IRP bank0
  1490     07F0  3020               	movlw	low __pbssBANK0
  1491     07F1  0084               	movwf	4
  1492     07F2  3036               	movlw	low (__pbssBANK0+22)
  1493     07F3  120A  118A  27CF  120A  118A  	fcall	clear_ram0
  1494                           
  1495                           ; Clear objects allocated to COMMON
  1496     07F8  01F0               	clrf	__pbssCOMMON& (0+127)
  1497     07F9  01F1               	clrf	(__pbssCOMMON+1)& (0+127)
  1498     07FA  01F2               	clrf	(__pbssCOMMON+2)& (0+127)
  1499     07FB  01F3               	clrf	(__pbssCOMMON+3)& (0+127)
  1500     07FC                     end_of_initialization:	
  1501                           ;End of C runtime variable initialization code
  1502                           
  1503     07FC                     __end_of__initialization:
  1504     07FC  0183               	clrf	3
  1505     07FD  120A  118A  2FC7   	ljmp	_main	;jump to C main() function
  1506                           
  1507                           	psect	bssCOMMON
  1508     0070                     __pbssCOMMON:
  1509     0070                     _LastSensorFount:
  1510     0070                     	ds	1
  1511     0071                     _DoneFlag:
  1512     0071                     	ds	1
  1513     0072                     _LcdTrackCursorPos:
  1514     0072                     	ds	1
  1515     0073                     _LcdTrackLineNum:
  1516     0073                     	ds	1
  1517                           
  1518                           	psect	dataCOMMON
  1519     0074                     __pdataCOMMON:
  1520     0074                     _Array_LCDLineNumAddress:
  1521     0074                     	ds	4
  1522                           
  1523                           	psect	bssBANK0
  1524     0020                     __pbssBANK0:
  1525     0020                     _LCDConfig:
  1526     0020                     	ds	14
  1527     002E                     _Sensor_Address:
  1528     002E                     	ds	8
  1529                           
  1530                           	psect	clrtext
  1531     07CF                     clear_ram0:	
  1532                           ;	Called with FSR containing the base address, and
  1533                           ;	W with the last address+1
  1534                           
  1535     07CF  0064               	clrwdt	;clear the watchdog before getting into this loop
  1536     07D0                     clrloop0:
  1537     07D0  0180               	clrf	0	;clear RAM location pointed to by FSR
  1538     07D1  0A84               	incf	4,f	;increment pointer
  1539     07D2  0604               	xorwf	4,w	;XOR with final address
  1540     07D3  1903               	btfsc	3,2	;have we reached the end yet?
  1541     07D4  3400               	retlw	0	;all done for this memory range, return
  1542     07D5  0604               	xorwf	4,w	;XOR again to restore value
  1543     07D6  2FD0               	goto	clrloop0	;do the next byte
  1544                           
  1545                           	psect	cstackCOMMON
  1546     0000                     __pcstackCOMMON:
  1547     0000                     ?_ExternalClock_Init:
  1548     0000                     ??_ExternalClock_Init:	
  1549                           ; 1 bytes @ 0x0
  1550                           
  1551     0000                     ?_main:	
  1552                           ; 1 bytes @ 0x0
  1553                           
  1554     0000                     ??_main:	
  1555                           ; 1 bytes @ 0x0
  1556                           
  1557                           
  1558                           	psect	maintext
  1559     07C7                     __pmaintext:	
  1560                           ; 1 bytes @ 0x0
  1561 ;;
  1562 ;;Main: autosize = 0, tempsize = 0, incstack = 0, save=0
  1563 ;;
  1564 ;; *************** function _main *****************
  1565 ;; Defined at:
  1566 ;;		line 17 in file "main.c"
  1567 ;; Parameters:    Size  Location     Type
  1568 ;;		None
  1569 ;; Auto vars:     Size  Location     Type
  1570 ;;		None
  1571 ;; Return value:  Size  Location     Type
  1572 ;;                  1    wreg      void 
  1573 ;; Registers used:
  1574 ;;		wreg, status,2, status,0, pclath, cstack
  1575 ;; Tracked objects:
  1576 ;;		On entry : B00/0
  1577 ;;		On exit  : 0/0
  1578 ;;		Unchanged: 0/0
  1579 ;; Data sizes:     COMMON   BANK0   BANK1   BANK3   BANK2
  1580 ;;      Params:         0       0       0       0       0
  1581 ;;      Locals:         0       0       0       0       0
  1582 ;;      Temps:          0       0       0       0       0
  1583 ;;      Totals:         0       0       0       0       0
  1584 ;;Total ram usage:        0 bytes
  1585 ;; Hardware stack levels required when called: 1
  1586 ;; This function calls:
  1587 ;;		_ExternalClock_Init
  1588 ;; This function is called by:
  1589 ;;		Startup code after reset
  1590 ;; This function uses a non-reentrant model
  1591 ;;
  1592                           
  1593     07C7                     _main:	
  1594                           ;psect for function _main
  1595                           
  1596     07C7                     l3344:	
  1597                           ;incstack = 0
  1598                           ; Regs used in _main: [wreg+status,2+status,0+pclath+cstack]
  1599                           
  1600                           
  1601                           ;main.c: 18:     ExternalClock_Init();
  1602     07C7  120A  118A  27C2  120A  118A  	fcall	_ExternalClock_Init
  1603     07CC                     l1150:
  1604     07CC  120A  118A  2800   	ljmp	start
  1605     07CF                     __end_of_main:
  1606                           
  1607                           	psect	text1
  1608     07C2                     __ptext1:	
  1609 ;; *************** function _ExternalClock_Init *****************
  1610 ;; Defined at:
  1611 ;;		line 85 in file "../../Sources/oscillator.c"
  1612 ;; Parameters:    Size  Location     Type
  1613 ;;		None
  1614 ;; Auto vars:     Size  Location     Type
  1615 ;;		None
  1616 ;; Return value:  Size  Location     Type
  1617 ;;                  1    wreg      void 
  1618 ;; Registers used:
  1619 ;;		wreg
  1620 ;; Tracked objects:
  1621 ;;		On entry : 0/0
  1622 ;;		On exit  : 0/0
  1623 ;;		Unchanged: 0/0
  1624 ;; Data sizes:     COMMON   BANK0   BANK1   BANK3   BANK2
  1625 ;;      Params:         0       0       0       0       0
  1626 ;;      Locals:         0       0       0       0       0
  1627 ;;      Temps:          0       0       0       0       0
  1628 ;;      Totals:         0       0       0       0       0
  1629 ;;Total ram usage:        0 bytes
  1630 ;; Hardware stack levels used: 1
  1631 ;; This function calls:
  1632 ;;		Nothing
  1633 ;; This function is called by:
  1634 ;;		_main
  1635 ;; This function uses a non-reentrant model
  1636 ;;
  1637                           
  1638     07C2                     _ExternalClock_Init:	
  1639                           ;psect for function _ExternalClock_Init
  1640                           
  1641     07C2                     l2478:	
  1642                           ;incstack = 0
  1643                           ; Regs used in _ExternalClock_Init: [wreg]
  1644                           
  1645                           
  1646                           ;../../Sources/oscillator.c: 86:     OSCCON = 0x7E;
  1647     07C2  307E               	movlw	126
  1648     07C3  1683               	bsf	3,5	;RP0=1, select bank1
  1649     07C4  1303               	bcf	3,6	;RP1=0, select bank1
  1650     07C5  008F               	movwf	15	;volatile
  1651     07C6                     l894:
  1652     07C6  0008               	return
  1653     07C7                     __end_of_ExternalClock_Init:
  1654     007E                     btemp	set	126	;btemp
  1655     007E                     wtemp0	set	126
  1656                           
  1657                           	psect	config
  1658                           
  1659                           ;Config register CONFIG1 @ 0x2007
  1660                           ;	Oscillator Selection bits
  1661                           ;	FOSC = EXTRC_CLKOUT, RC oscillator: CLKOUT function on RA6/OSC2/CLKOUT pin, RC on RA7/
      +                          OSC1/CLKIN
  1662                           ;	Watchdog Timer Enable bit
  1663                           ;	WDTE = ON, WDT enabled
  1664                           ;	Power-up Timer Enable bit
  1665                           ;	PWRTE = OFF, PWRT disabled
  1666                           ;	RE3/MCLR pin function select bit
  1667                           ;	MCLRE = ON, RE3/MCLR pin function is MCLR
  1668                           ;	Code Protection bit
  1669                           ;	CP = OFF, Program memory code protection is disabled
  1670                           ;	Data Code Protection bit
  1671                           ;	CPD = OFF, Data memory code protection is disabled
  1672                           ;	Brown Out Reset Selection bits
  1673                           ;	BOREN = ON, BOR enabled
  1674                           ;	Internal External Switchover bit
  1675                           ;	IESO = ON, Internal/External Switchover mode is enabled
  1676                           ;	Fail-Safe Clock Monitor Enabled bit
  1677                           ;	FCMEN = ON, Fail-Safe Clock Monitor is enabled
  1678                           ;	Low Voltage Programming Enable bit
  1679                           ;	LVP = OFF, RB3 pin has digital I/O, HV on MCLR must be used for programming
  1680                           ;	In-Circuit Debugger Mode bit
  1681                           ;	DEBUG = 0x1, unprogrammed default
  1682     2007                     	org	8199
  1683     2007  2FFF               	dw	12287
  1684                           
  1685                           ;Config register CONFIG2 @ 0x2008
  1686                           ;	Brown-out Reset Selection bit
  1687                           ;	BOR4V = BOR40V, Brown-out Reset set to 4.0V
  1688                           ;	Flash Program Memory Self Write Enable bits
  1689                           ;	WRT = OFF, Write protection off
  1690     2008                     	org	8200
  1691     2008  3FFF               	dw	16383

Data Sizes:
    Strings     34
    Constant    0
    Data        4
    BSS         26
    Persistent  0
    Stack       0

Auto Spaces:
    Space          Size  Autos    Used
    COMMON           14      0       8
    BANK0            80      0      22
    BANK1            80      0       0
    BANK3            96      0       0
    BANK2            96      0       0

Pointer List with Targets:

    None.

Critical Paths under _main in COMMON

    None.

Critical Paths under _main in BANK0

    None.

Critical Paths under _main in BANK1

    None.

Critical Paths under _main in BANK3

    None.

Critical Paths under _main in BANK2

    None.

Call Graph Tables:

 ---------------------------------------------------------------------------------
 (Depth) Function   	        Calls       Base Space   Used Autos Params    Refs
 ---------------------------------------------------------------------------------
 (0) _main                                                 0     0      0       0
                 _ExternalClock_Init
 ---------------------------------------------------------------------------------
 (1) _ExternalClock_Init                                   0     0      0       0
 ---------------------------------------------------------------------------------
 Estimated maximum stack depth 1
 ---------------------------------------------------------------------------------

 Call Graph Graphs:

 _main (ROOT)
   _ExternalClock_Init

 Address spaces:
Name               Size   Autos  Total    Cost      Usage
BANK3               60      0       0       9        0.0%
BITBANK3            60      0       0       8        0.0%
SFR3                 0      0       0       4        0.0%
BITSFR3              0      0       0       4        0.0%
BANK2               60      0       0      11        0.0%
BITBANK2            60      0       0      10        0.0%
SFR2                 0      0       0       5        0.0%
BITSFR2              0      0       0       5        0.0%
BANK1               50      0       0       7        0.0%
BITBANK1            50      0       0       6        0.0%
SFR1                 0      0       0       2        0.0%
BITSFR1              0      0       0       2        0.0%
BANK0               50      0      16       5       27.5%
BITBANK0            50      0       0       4        0.0%
SFR0                 0      0       0       1        0.0%
BITSFR0              0      0       0       1        0.0%
COMMON               E      0       8       1       57.1%
BITCOMMON            E      0       0       0        0.0%
CODE                 0      0       0       0        0.0%
DATA                 0      0      1E      12        0.0%
ABS                  0      0      1E       3        0.0%
NULL                 0      0       0       0        0.0%
STACK                0      0       0       2        0.0%
EEDATA             100      0       0       0        0.0%


Microchip Technology PIC Macro Assembler V2.40 build 20220703182018 
Symbol Table                                                                                   Sat Nov 12 16:31:16 2022

                         pc 0002                          _BF 04A0                          _GO 00F9  
                        _RD 0C60                          _WR 0C61     _Array_LCDLineNumAddress 0074  
                        fsr 0004                         l894 07C6                         _GIE 005F  
                       _PR2 0092                         _PEN 048A                         _SEN 0488  
                       _R_W 04A2                         indf 0000                        _C1IF 006D  
                      l1150 07CC                        _C2IF 006E                        l3344 07C7  
                      l2478 07C2                        _ADIF 0066                        _ADON 00F8  
                      _EEIF 006C                        STR_1 0009                        _T0IF 005A  
                      _IOCB 0096                        _PIE1 008C                        _PIE2 008D  
                      _INTF 0059                        _RBIF 0058                        _RCEN 048B  
                      _RCIF 0065                        _PCON 008E                        _PIR1 000C  
                      _PIR2 000D                        _TMR0 0001                        _TMR2 0011  
                      _RSEN 0489                        _WREN 0C62                        _TXIF 0064  
                      _WPUB 0095                        _main 07C7                        btemp 007E  
                      start 0000                       ?_main 0000                       _ACKEN 048C  
                     _ACKDT 048D                       _BCLIF 006B                       _EEADR 010D  
                     _EEDAT 010C             _LastSensorFount 0070                       _T1CON 0010  
                     _T2CON 0012                       _RCREG 001A                       _RCSTA 0018  
                     _OSFIF 006F                       _TMR1H 000F                       _TMR1L 000E  
                     _SPBRG 0099                       _PORTA 0005                       _PORTB 0006  
                     _PORTC 0007                       _PORTD 0008                       _PORTE 0009  
                     _TRISA 0085                       _TRISB 0086                       _TRISC 0087  
                     _TRISD 0088                       _TRISE 0089                       _SSPIF 0063  
                     _VRCON 0097                       _TXREG 0019                       _TXSTA 0098  
                     pclath 000A                       status 0003                       wtemp0 007E  
           __initialization 07D7                __end_of_main 07CF                      ??_main 0000  
                    _ADCON0 001F                      _ADCON1 009F                      _CCP1IF 0062  
                    _CCP2IF 0068                      _ADRESH 001E                      _EEADRH 010F  
                    _ADRESL 009E                      _EEDATA 010C                      _ECCPAS 009C  
                    _EEDATH 010E                      _CCPR1L 0015                      _CCPR2L 001B  
                    _EECON2 018D                      _INTCON 000B                      _OSCCON 008F  
                    _TMR0IF 005A                      _TMR1IF 0060                      _TMR2IF 0061  
                    _SPBRGH 009A                      _TMR2ON 0092                      _WDTCON 0105  
                    _SSPADD 0093                      _TRISC3 043B                      _TRISC4 043C  
                    _SSPCON 0014                      _SSPBUF 0013                      _SSPMSK 0093  
              __pdataCOMMON 0074     __end_of__initialization 07FC              __pcstackCOMMON 0000  
            _Sensor_Address 002E              _OPTION_REGbits 0081                  __pbssBANK0 0020  
                __pmaintext 07C7                     _CM1CON0 0107                     _CM2CON0 0108  
                   _CCP1CON 0017                     _CM2CON1 0109                     _CCP2CON 001D  
                   _GO_DONE 00F9                     _OSCTUNE 0090                     _PWM1CON 009B  
                   _PSTRCON 009D                     _SSPCON2 0091                     _ULPWUIF 006A  
                   _SSPSTAT 0094                  __stringtab 0003                   _ANSELbits 0188  
                   __ptext1 07C2                   _T1CONbits 0010                   _T2CONbits 0012  
                 _LCDConfig 0020                     clrloop0 07D0        end_of_initialization 07FC  
                 _PORTAbits 0005                   _TRISAbits 0085               __pidataCOMMON 07BE  
__end_of_ExternalClock_Init 07C7         start_initialization 07D7           _LcdTrackCursorPos 0072  
               __pbssCOMMON 0070                   ___latbits 0002             _LcdTrackLineNum 0073  
                 __pstrings 0003                   clear_ram0 07CF                    _PIE1bits 008C  
                  _PIR1bits 000C                  _ADCON0bits 001F                 __stringbase 0008  
                _ADCON1bits 009F                    _DoneFlag 0071          __end_of__stringtab 0009  
                _ANSELHbits 0189          _ExternalClock_Init 07C2         ?_ExternalClock_Init 0000  
      ??_ExternalClock_Init 0000                  _INTCONbits 000B                   stringcode 0003  
                _OPTION_REG 0081                    stringdir 0003                    stringtab 0003  
